c:\users\madel\documents\iii semestre\estructura de datos\deberarreglosdinamico\mcdpruebadeunidad\debug\mcdpruebadeunidad.pch
c:\users\madel\documents\iii semestre\estructura de datos\deberarreglosdinamico\mcdpruebadeunidad\debug\vc142.pdb
c:\users\madel\documents\iii semestre\estructura de datos\deberarreglosdinamico\mcdpruebadeunidad\debug\vc142.idb
c:\users\madel\documents\iii semestre\estructura de datos\deberarreglosdinamico\mcdpruebadeunidad\debug\pch.obj
c:\users\madel\documents\iii semestre\estructura de datos\deberarreglosdinamico\mcdpruebadeunidad\debug\mcdpruebadeunidad.obj
c:\users\madel\documents\iii semestre\estructura de datos\estrcutura-de-datos\deberarreglosdinamico\mcdpruebadeunidad\debug\mcdpruebadeunidad.pch
c:\users\madel\documents\iii semestre\estructura de datos\estrcutura-de-datos\deberarreglosdinamico\mcdpruebadeunidad\debug\vc142.pdb
c:\users\madel\documents\iii semestre\estructura de datos\estrcutura-de-datos\deberarreglosdinamico\mcdpruebadeunidad\debug\vc142.idb
c:\users\madel\documents\iii semestre\estructura de datos\estrcutura-de-datos\deberarreglosdinamico\mcdpruebadeunidad\debug\pch.obj
c:\users\madel\documents\iii semestre\estructura de datos\estrcutura-de-datos\deberarreglosdinamico\mcdpruebadeunidad\debug\mcdpruebadeunidad.obj
c:\users\madel\documents\iii semestre\estructura de datos\deberarreglosdinamico\debug\mcdpruebadeunidad.ilk
c:\users\madel\documents\iii semestre\estructura de datos\deberarreglosdinamico\debug\mcdpruebadeunidad.dll
c:\users\madel\documents\iii semestre\estructura de datos\deberarreglosdinamico\debug\mcdpruebadeunidad.pdb
c:\users\madel\documents\iii semestre\estructura de datos\estrcutura-de-datos\deberarreglosdinamico\debug\mcdpruebadeunidad.ilk
c:\users\madel\documents\iii semestre\estructura de datos\estrcutura-de-datos\deberarreglosdinamico\debug\mcdpruebadeunidad.dll
c:\users\madel\documents\iii semestre\estructura de datos\estrcutura-de-datos\deberarreglosdinamico\debug\mcdpruebadeunidad.pdb
c:\users\madel\documents\iii semestre\estructura de datos\deberarreglosdinamico\debug\mcdpruebadeunidad.lib
c:\users\madel\documents\iii semestre\estructura de datos\deberarreglosdinamico\debug\mcdpruebadeunidad.exp
c:\users\madel\documents\iii semestre\estructura de datos\estrcutura-de-datos\deberarreglosdinamico\debug\mcdpruebadeunidad.lib
c:\users\madel\documents\iii semestre\estructura de datos\estrcutura-de-datos\deberarreglosdinamico\debug\mcdpruebadeunidad.exp
c:\users\madel\documents\iii semestre\estructura de datos\estrcutura-de-datos\deberarreglosdinamico\mcdpruebadeunidad\debug\mcdprueb.bdc55976.tlog\cl.command.1.tlog
c:\users\madel\documents\iii semestre\estructura de datos\estrcutura-de-datos\deberarreglosdinamico\mcdpruebadeunidad\debug\mcdprueb.bdc55976.tlog\cl.read.1.tlog
c:\users\madel\documents\iii semestre\estructura de datos\estrcutura-de-datos\deberarreglosdinamico\mcdpruebadeunidad\debug\mcdprueb.bdc55976.tlog\cl.write.1.tlog
c:\users\madel\documents\iii semestre\estructura de datos\estrcutura-de-datos\deberarreglosdinamico\mcdpruebadeunidad\debug\mcdprueb.bdc55976.tlog\link.command.1.tlog
c:\users\madel\documents\iii semestre\estructura de datos\estrcutura-de-datos\deberarreglosdinamico\mcdpruebadeunidad\debug\mcdprueb.bdc55976.tlog\link.delete.1.tlog
c:\users\madel\documents\iii semestre\estructura de datos\estrcutura-de-datos\deberarreglosdinamico\mcdpruebadeunidad\debug\mcdprueb.bdc55976.tlog\link.read.1.tlog
c:\users\madel\documents\iii semestre\estructura de datos\estrcutura-de-datos\deberarreglosdinamico\mcdpruebadeunidad\debug\mcdprueb.bdc55976.tlog\link.write.1.tlog
c:\users\madel\documents\iii semestre\estructura de datos\estrcutura-de-datos\deberarreglosdinamico\mcdpruebadeunidad\debug\mcdprueb.bdc55976.tlog\mcdpruebadeunidad.write.1u.tlog
